<?xml version="1.0" encoding="UTF-8"?>
<testsuite xmlns:xsi="http://www.w3.org/2001/XMLSchema-instance" xsi:schemaLocation="https://maven.apache.org/surefire/maven-surefire-plugin/xsd/surefire-test-report.xsd" name="com.han.oose.rental.resources.external_tasks.SaveRenterInformationExTaskTest" time="0.017" tests="1" errors="0" skipped="0" failures="0">
  <properties>
[...]
</properties>
  <testcase name="whenSaveRenterInfoExecuteCalledWithPassingVariablesVerifyCompleteGetsExecuted" classname="com.han.oose.rental.resources.external_tasks.SaveRenterInformationExTaskTest" time="0.015"/>
</testsuite>